<?xml version="1.0" encoding="UTF-8"?>
<!-- Generated by org.testng.reporters.JUnitReportReporter -->
<testsuite skipped="0" hostname="FA047715" name="com.api.test.VerifyAssets_Events_Bundle_APIs" tests="3" failures="0" timestamp="02 Sep 2018 17:18:45 GMT" time="5.658" errors="0">
  <testcase name="verifyAssetCreationWithValidData" time="3.406" classname="com.api.test.VerifyAssets_Events_Bundle_APIs"/>
  <testcase name="verifyEventCreationWithValidData" time="1.078" classname="com.api.test.VerifyAssets_Events_Bundle_APIs"/>
  <testcase name="verifyFindValidEvents" time="1.174" classname="com.api.test.VerifyAssets_Events_Bundle_APIs"/>
</testsuite> <!-- com.api.test.VerifyAssets_Events_Bundle_APIs -->
