<?xml version="1.0" encoding="UTF-8"?>
<!-- Generated by org.testng.reporters.JUnitReportReporter -->
<testsuite skipped="0" hostname="FA047715" name="com.api.test.VerifyToken_Account_APIs" tests="1" failures="0" timestamp="04 Sep 2018 16:30:58 GMT" time="2.483" errors="0">
  <testcase name="verifyTokenWithValidTimestamp" time="2.483" classname="com.api.test.VerifyToken_Account_APIs"/>
</testsuite> <!-- com.api.test.VerifyToken_Account_APIs -->
